<?xml version="1.0" encoding="UTF-8"?>
<testsuite name="com.example.frere.infrastructure.persistence.mybatis.PurchaseOrderMapperTest" tests="6" skipped="0" failures="0" errors="0" timestamp="2026-03-30T07:23:35.341Z" hostname="k2worksnoMacBook-Pro.local" time="0.045">
  <properties/>
  <testcase name="findById_存在しないIDの場合_nullが返る()" classname="com.example.frere.infrastructure.persistence.mybatis.PurchaseOrderMapperTest" time="0.006"/>
  <testcase name="insert_正常なデータの場合_登録できる()" classname="com.example.frere.infrastructure.persistence.mybatis.PurchaseOrderMapperTest" time="0.006"/>
  <testcase name="deleteById_既存データの場合_削除できる()" classname="com.example.frere.infrastructure.persistence.mybatis.PurchaseOrderMapperTest" time="0.005"/>
  <testcase name="update_ステータスを入荷済みに変更できる()" classname="com.example.frere.infrastructure.persistence.mybatis.PurchaseOrderMapperTest" time="0.008"/>
  <testcase name="findAll_データが存在する場合_全件取得できる()" classname="com.example.frere.infrastructure.persistence.mybatis.PurchaseOrderMapperTest" time="0.006"/>
  <testcase name="findById_存在するIDの場合_発注が取得できる()" classname="com.example.frere.infrastructure.persistence.mybatis.PurchaseOrderMapperTest" time="0.009"/>
  <system-out><![CDATA[2026-03-30T16:23:35.334+09:00  INFO 72928 --- [    Test worker] t.c.s.AnnotationConfigContextLoaderUtils : Could not detect default configuration classes for test class [com.example.frere.infrastructure.persistence.mybatis.PurchaseOrderMapperTest]: PurchaseOrderMapperTest does not declare any static, non-private, non-final, nested classes annotated with @Configuration.
2026-03-30T16:23:35.338+09:00  INFO 72928 --- [    Test worker] .b.t.c.SpringBootTestContextBootstrapper : Found @SpringBootConfiguration com.example.frere.FrereApplication for test class com.example.frere.infrastructure.persistence.mybatis.PurchaseOrderMapperTest
]]></system-out>
  <system-err><![CDATA[]]></system-err>
</testsuite>
