<?xml version="1.0" encoding="UTF-8"?>
<testsuite name="com.example.frere.FrereApplicationTests" tests="1" skipped="0" failures="0" errors="0" timestamp="2026-03-30T02:25:55.974Z" hostname="k2worksnoMacBook-Pro.local" time="0.888">
  <properties/>
  <testcase name="contextLoads()" classname="com.example.frere.FrereApplicationTests" time="0.888"/>
  <system-out><![CDATA[11:25:52.875 [Test worker] INFO org.springframework.test.context.support.AnnotationConfigContextLoaderUtils -- Could not detect default configuration classes for test class [com.example.frere.FrereApplicationTests]: FrereApplicationTests does not declare any static, non-private, non-final, nested classes annotated with @Configuration.
11:25:52.990 [Test worker] INFO org.springframework.boot.test.context.SpringBootTestContextBootstrapper -- Found @SpringBootConfiguration com.example.frere.FrereApplication for test class com.example.frere.FrereApplicationTests

  .   ____          _            __ _ _
 /\\ / ___'_ __ _ _(_)_ __  __ _ \ \ \ \
( ( )\___ | '_ | '_| | '_ \/ _` | \ \ \ \
 \\/  ___)| |_)| | | | | || (_| |  ) ) ) )
  '  |____| .__|_| |_|_| |_\__, | / / / /
 =========|_|==============|___/=/_/_/_/

 :: Spring Boot ::                (v3.4.4)

2026-03-30T11:25:53.543+09:00  INFO 58219 --- [    Test worker] c.example.frere.FrereApplicationTests    : Starting FrereApplicationTests using Java 21.0.10 with PID 58219 (started by k2works in /Users/k2works/IdeaProjects/takt-worktrees/20260330T0004-purojekutono-wo-shimashita-app/apps/webapp)
2026-03-30T11:25:53.544+09:00  INFO 58219 --- [    Test worker] c.example.frere.FrereApplicationTests    : No active profile set, falling back to 1 default profile: "default"
2026-03-30T11:25:55.359+09:00  INFO 58219 --- [    Test worker] com.zaxxer.hikari.HikariDataSource       : HikariPool-1 - Starting...
2026-03-30T11:25:55.626+09:00  INFO 58219 --- [    Test worker] com.zaxxer.hikari.pool.HikariPool        : HikariPool-1 - Added connection conn0: url=jdbc:h2:mem:frere user=SA
2026-03-30T11:25:55.628+09:00  INFO 58219 --- [    Test worker] com.zaxxer.hikari.HikariDataSource       : HikariPool-1 - Start completed.
2026-03-30T11:25:55.684+09:00  INFO 58219 --- [    Test worker] org.flywaydb.core.FlywayExecutor         : Database: jdbc:h2:mem:frere (H2 2.3)
2026-03-30T11:25:55.692+09:00  WARN 58219 --- [    Test worker] o.f.c.internal.database.base.Database    : Flyway upgrade recommended: H2 2.3.232 is newer than this version of Flyway and support has not been tested. The latest supported version of H2 is 2.2.224.
2026-03-30T11:25:55.721+09:00  INFO 58219 --- [    Test worker] o.f.c.i.s.JdbcTableSchemaHistory         : Schema history table "PUBLIC"."flyway_schema_history" does not exist yet
2026-03-30T11:25:55.724+09:00  INFO 58219 --- [    Test worker] o.f.core.internal.command.DbValidate     : Successfully validated 1 migration (execution time 00:00.020s)
2026-03-30T11:25:55.734+09:00  INFO 58219 --- [    Test worker] o.f.c.i.s.JdbcTableSchemaHistory         : Creating Schema History table "PUBLIC"."flyway_schema_history" ...
2026-03-30T11:25:55.770+09:00  INFO 58219 --- [    Test worker] o.f.core.internal.command.DbMigrate      : Current version of schema "PUBLIC": << Empty Schema >>
2026-03-30T11:25:55.791+09:00  INFO 58219 --- [    Test worker] o.f.core.internal.command.DbMigrate      : Migrating schema "PUBLIC" to version "1 - create tables"
2026-03-30T11:25:55.832+09:00  INFO 58219 --- [    Test worker] o.f.core.internal.command.DbMigrate      : Successfully applied 1 migration to schema "PUBLIC", now at version v1 (execution time 00:00.029s)
2026-03-30T11:25:55.960+09:00  INFO 58219 --- [    Test worker] c.example.frere.FrereApplicationTests    : Started FrereApplicationTests in 2.779 seconds (process running for 4.123)
]]></system-out>
  <system-err><![CDATA[Mockito is currently self-attaching to enable the inline-mock-maker. This will no longer work in future releases of the JDK. Please add Mockito as an agent to your build what is described in Mockito's documentation: https://javadoc.io/doc/org.mockito/mockito-core/latest/org/mockito/Mockito.html#0.3
WARNING: A Java agent has been loaded dynamically (/Users/k2works/.gradle/caches/modules-2/files-2.1/net.bytebuddy/byte-buddy-agent/1.15.11/a38b16385e867f59a641330f0362ebe742788ed8/byte-buddy-agent-1.15.11.jar)
WARNING: If a serviceability tool is in use, please run with -XX:+EnableDynamicAgentLoading to hide this warning
WARNING: If a serviceability tool is not in use, please run with -Djdk.instrument.traceUsage for more information
WARNING: Dynamic loading of agents will be disallowed by default in a future release
]]></system-err>
</testsuite>
