<?xml version="1.0" encoding="UTF-8"?>
<testsuite name="com.example.frere.infrastructure.persistence.mybatis.StockMapperTest" tests="7" skipped="0" failures="0" errors="0" timestamp="2026-03-30T02:25:57.755Z" hostname="k2worksnoMacBook-Pro.local" time="0.048">
  <properties/>
  <testcase name="findById_存在しないIDの場合_nullが返る()" classname="com.example.frere.infrastructure.persistence.mybatis.StockMapperTest" time="0.004"/>
  <testcase name="insert_正常なデータの場合_登録できる()" classname="com.example.frere.infrastructure.persistence.mybatis.StockMapperTest" time="0.005"/>
  <testcase name="update_ステータスを使用済みに変更できる()" classname="com.example.frere.infrastructure.persistence.mybatis.StockMapperTest" time="0.006"/>
  <testcase name="update_ステータスを廃棄に変更できる()" classname="com.example.frere.infrastructure.persistence.mybatis.StockMapperTest" time="0.006"/>
  <testcase name="deleteById_既存データの場合_削除できる()" classname="com.example.frere.infrastructure.persistence.mybatis.StockMapperTest" time="0.005"/>
  <testcase name="findAll_データが存在する場合_全件取得できる()" classname="com.example.frere.infrastructure.persistence.mybatis.StockMapperTest" time="0.006"/>
  <testcase name="findById_存在するIDの場合_在庫が取得できる()" classname="com.example.frere.infrastructure.persistence.mybatis.StockMapperTest" time="0.01"/>
  <system-out><![CDATA[2026-03-30T11:25:57.750+09:00  INFO 58219 --- [    Test worker] t.c.s.AnnotationConfigContextLoaderUtils : Could not detect default configuration classes for test class [com.example.frere.infrastructure.persistence.mybatis.StockMapperTest]: StockMapperTest does not declare any static, non-private, non-final, nested classes annotated with @Configuration.
2026-03-30T11:25:57.754+09:00  INFO 58219 --- [    Test worker] .b.t.c.SpringBootTestContextBootstrapper : Found @SpringBootConfiguration com.example.frere.FrereApplication for test class com.example.frere.infrastructure.persistence.mybatis.StockMapperTest
]]></system-out>
  <system-err><![CDATA[]]></system-err>
</testsuite>
