<?xml version="1.0" encoding="UTF-8"?>
<testsuite name="com.example.frere.infrastructure.persistence.mybatis.ArrivalMapperTest" tests="6" skipped="0" failures="0" errors="0" timestamp="2026-03-30T02:25:57.233Z" hostname="k2worksnoMacBook-Pro.local" time="0.176">
  <properties/>
  <testcase name="findById_存在しないIDの場合_nullが返る()" classname="com.example.frere.infrastructure.persistence.mybatis.ArrivalMapperTest" time="0.112"/>
  <testcase name="insert_正常なデータの場合_登録できる()" classname="com.example.frere.infrastructure.persistence.mybatis.ArrivalMapperTest" time="0.02"/>
  <testcase name="update_既存データの場合_更新できる()" classname="com.example.frere.infrastructure.persistence.mybatis.ArrivalMapperTest" time="0.01"/>
  <testcase name="deleteById_既存データの場合_削除できる()" classname="com.example.frere.infrastructure.persistence.mybatis.ArrivalMapperTest" time="0.006"/>
  <testcase name="findAll_データが存在する場合_全件取得できる()" classname="com.example.frere.infrastructure.persistence.mybatis.ArrivalMapperTest" time="0.013"/>
  <testcase name="findById_存在するIDの場合_入荷が取得できる()" classname="com.example.frere.infrastructure.persistence.mybatis.ArrivalMapperTest" time="0.012"/>
  <system-out><![CDATA[2026-03-30T11:25:56.871+09:00  INFO 58219 --- [    Test worker] t.c.s.AnnotationConfigContextLoaderUtils : Could not detect default configuration classes for test class [com.example.frere.infrastructure.persistence.mybatis.ArrivalMapperTest]: ArrivalMapperTest does not declare any static, non-private, non-final, nested classes annotated with @Configuration.
2026-03-30T11:25:56.897+09:00  INFO 58219 --- [    Test worker] .b.t.c.SpringBootTestContextBootstrapper : Found @SpringBootConfiguration com.example.frere.FrereApplication for test class com.example.frere.infrastructure.persistence.mybatis.ArrivalMapperTest

  .   ____          _            __ _ _
 /\\ / ___'_ __ _ _(_)_ __  __ _ \ \ \ \
( ( )\___ | '_ | '_| | '_ \/ _` | \ \ \ \
 \\/  ___)| |_)| | | | | || (_| |  ) ) ) )
  '  |____| .__|_| |_|_| |_\__, | / / / /
 =========|_|==============|___/=/_/_/_/

 :: Spring Boot ::                (v3.4.4)

2026-03-30T11:25:56.927+09:00  INFO 58219 --- [    Test worker] c.e.f.i.p.mybatis.ArrivalMapperTest      : Starting ArrivalMapperTest using Java 21.0.10 with PID 58219 (started by k2works in /Users/k2works/IdeaProjects/takt-worktrees/20260330T0004-purojekutono-wo-shimashita-app/apps/webapp)
2026-03-30T11:25:56.927+09:00  INFO 58219 --- [    Test worker] c.e.f.i.p.mybatis.ArrivalMapperTest      : No active profile set, falling back to 1 default profile: "default"
2026-03-30T11:25:57.017+09:00  INFO 58219 --- [    Test worker] beddedDataSourceBeanFactoryPostProcessor : Replacing 'dataSource' DataSource bean with embedded version
2026-03-30T11:25:57.053+09:00  INFO 58219 --- [    Test worker] o.s.j.d.e.EmbeddedDatabaseFactory        : Starting embedded database: url='jdbc:h2:mem:18450449-7422-42df-9001-f1a79aedf1e9;DB_CLOSE_DELAY=-1;DB_CLOSE_ON_EXIT=false', username='sa'
2026-03-30T11:25:57.168+09:00  INFO 58219 --- [    Test worker] org.flywaydb.core.FlywayExecutor         : Database: jdbc:h2:mem:18450449-7422-42df-9001-f1a79aedf1e9 (H2 2.3)
2026-03-30T11:25:57.170+09:00  WARN 58219 --- [    Test worker] o.f.c.internal.database.base.Database    : Flyway upgrade recommended: H2 2.3.232 is newer than this version of Flyway and support has not been tested. The latest supported version of H2 is 2.2.224.
2026-03-30T11:25:57.173+09:00  INFO 58219 --- [    Test worker] o.f.c.i.s.JdbcTableSchemaHistory         : Schema history table "PUBLIC"."flyway_schema_history" does not exist yet
2026-03-30T11:25:57.173+09:00  INFO 58219 --- [    Test worker] o.f.core.internal.command.DbValidate     : Successfully validated 1 migration (execution time 00:00.001s)
2026-03-30T11:25:57.175+09:00  INFO 58219 --- [    Test worker] o.f.c.i.s.JdbcTableSchemaHistory         : Creating Schema History table "PUBLIC"."flyway_schema_history" ...
2026-03-30T11:25:57.179+09:00  INFO 58219 --- [    Test worker] o.f.core.internal.command.DbMigrate      : Current version of schema "PUBLIC": << Empty Schema >>
2026-03-30T11:25:57.186+09:00  INFO 58219 --- [    Test worker] o.f.core.internal.command.DbMigrate      : Migrating schema "PUBLIC" to version "1 - create tables"
2026-03-30T11:25:57.207+09:00  INFO 58219 --- [    Test worker] o.f.core.internal.command.DbMigrate      : Successfully applied 1 migration to schema "PUBLIC", now at version v1 (execution time 00:00.019s)
2026-03-30T11:25:57.227+09:00  INFO 58219 --- [    Test worker] c.e.f.i.p.mybatis.ArrivalMapperTest      : Started ArrivalMapperTest in 0.328 seconds (process running for 5.39)
]]></system-out>
  <system-err><![CDATA[]]></system-err>
</testsuite>
