<?xml version="1.0" encoding="UTF-8"?>
<testsuite name="com.example.frere.infrastructure.persistence.mybatis.ArrivalMapperTest" tests="6" skipped="0" failures="0" errors="0" timestamp="2026-03-30T07:23:34.878Z" hostname="k2worksnoMacBook-Pro.local" time="0.128">
  <properties/>
  <testcase name="findById_存在しないIDの場合_nullが返る()" classname="com.example.frere.infrastructure.persistence.mybatis.ArrivalMapperTest" time="0.068"/>
  <testcase name="insert_正常なデータの場合_登録できる()" classname="com.example.frere.infrastructure.persistence.mybatis.ArrivalMapperTest" time="0.013"/>
  <testcase name="update_既存データの場合_更新できる()" classname="com.example.frere.infrastructure.persistence.mybatis.ArrivalMapperTest" time="0.016"/>
  <testcase name="deleteById_既存データの場合_削除できる()" classname="com.example.frere.infrastructure.persistence.mybatis.ArrivalMapperTest" time="0.01"/>
  <testcase name="findAll_データが存在する場合_全件取得できる()" classname="com.example.frere.infrastructure.persistence.mybatis.ArrivalMapperTest" time="0.01"/>
  <testcase name="findById_存在するIDの場合_入荷が取得できる()" classname="com.example.frere.infrastructure.persistence.mybatis.ArrivalMapperTest" time="0.005"/>
  <system-out><![CDATA[2026-03-30T16:23:34.540+09:00  INFO 72928 --- [    Test worker] t.c.s.AnnotationConfigContextLoaderUtils : Could not detect default configuration classes for test class [com.example.frere.infrastructure.persistence.mybatis.ArrivalMapperTest]: ArrivalMapperTest does not declare any static, non-private, non-final, nested classes annotated with @Configuration.
2026-03-30T16:23:34.559+09:00  INFO 72928 --- [    Test worker] .b.t.c.SpringBootTestContextBootstrapper : Found @SpringBootConfiguration com.example.frere.FrereApplication for test class com.example.frere.infrastructure.persistence.mybatis.ArrivalMapperTest

  .   ____          _            __ _ _
 /\\ / ___'_ __ _ _(_)_ __  __ _ \ \ \ \
( ( )\___ | '_ | '_| | '_ \/ _` | \ \ \ \
 \\/  ___)| |_)| | | | | || (_| |  ) ) ) )
  '  |____| .__|_| |_|_| |_\__, | / / / /
 =========|_|==============|___/=/_/_/_/

 :: Spring Boot ::                (v3.4.4)

2026-03-30T16:23:34.587+09:00  INFO 72928 --- [    Test worker] c.e.f.i.p.mybatis.ArrivalMapperTest      : Starting ArrivalMapperTest using Java 21.0.10 with PID 72928 (started by k2works in /Users/k2works/IdeaProjects/takt-worktrees/20260330T0243-wo-dekimashita-wo-shimasu-tasu/apps/webapp)
2026-03-30T16:23:34.587+09:00  INFO 72928 --- [    Test worker] c.e.f.i.p.mybatis.ArrivalMapperTest      : No active profile set, falling back to 1 default profile: "default"
2026-03-30T16:23:34.674+09:00  INFO 72928 --- [    Test worker] beddedDataSourceBeanFactoryPostProcessor : Replacing 'dataSource' DataSource bean with embedded version
2026-03-30T16:23:34.710+09:00  INFO 72928 --- [    Test worker] o.s.j.d.e.EmbeddedDatabaseFactory        : Starting embedded database: url='jdbc:h2:mem:03e04618-5fd0-4b21-9a39-541f724104c8;DB_CLOSE_DELAY=-1;DB_CLOSE_ON_EXIT=false', username='sa'
2026-03-30T16:23:34.823+09:00  INFO 72928 --- [    Test worker] org.flywaydb.core.FlywayExecutor         : Database: jdbc:h2:mem:03e04618-5fd0-4b21-9a39-541f724104c8 (H2 2.3)
2026-03-30T16:23:34.825+09:00  WARN 72928 --- [    Test worker] o.f.c.internal.database.base.Database    : Flyway upgrade recommended: H2 2.3.232 is newer than this version of Flyway and support has not been tested. The latest supported version of H2 is 2.2.224.
2026-03-30T16:23:34.828+09:00  INFO 72928 --- [    Test worker] o.f.c.i.s.JdbcTableSchemaHistory         : Schema history table "PUBLIC"."flyway_schema_history" does not exist yet
2026-03-30T16:23:34.828+09:00  INFO 72928 --- [    Test worker] o.f.core.internal.command.DbValidate     : Successfully validated 1 migration (execution time 00:00.001s)
2026-03-30T16:23:34.829+09:00  INFO 72928 --- [    Test worker] o.f.c.i.s.JdbcTableSchemaHistory         : Creating Schema History table "PUBLIC"."flyway_schema_history" ...
2026-03-30T16:23:34.834+09:00  INFO 72928 --- [    Test worker] o.f.core.internal.command.DbMigrate      : Current version of schema "PUBLIC": << Empty Schema >>
2026-03-30T16:23:34.841+09:00  INFO 72928 --- [    Test worker] o.f.core.internal.command.DbMigrate      : Migrating schema "PUBLIC" to version "1 - create tables"
2026-03-30T16:23:34.864+09:00  INFO 72928 --- [    Test worker] o.f.core.internal.command.DbMigrate      : Successfully applied 1 migration to schema "PUBLIC", now at version v1 (execution time 00:00.019s)
2026-03-30T16:23:34.876+09:00  INFO 72928 --- [    Test worker] c.e.f.i.p.mybatis.ArrivalMapperTest      : Started ArrivalMapperTest in 0.315 seconds (process running for 11.089)
]]></system-out>
  <system-err><![CDATA[]]></system-err>
</testsuite>
