<?xml version="1.0" encoding="UTF-8"?>
<testsuite name="com.example.frere.FrereApplicationTests" tests="1" skipped="0" failures="0" errors="0" timestamp="2026-03-30T07:23:31.444Z" hostname="k2worksnoMacBook-Pro.local" time="1.174">
  <properties/>
  <testcase name="contextLoads()" classname="com.example.frere.FrereApplicationTests" time="1.174"/>
  <system-out><![CDATA[16:23:25.396 [Test worker] INFO org.springframework.test.context.support.AnnotationConfigContextLoaderUtils -- Could not detect default configuration classes for test class [com.example.frere.FrereApplicationTests]: FrereApplicationTests does not declare any static, non-private, non-final, nested classes annotated with @Configuration.
16:23:25.636 [Test worker] INFO org.springframework.boot.test.context.SpringBootTestContextBootstrapper -- Found @SpringBootConfiguration com.example.frere.FrereApplication for test class com.example.frere.FrereApplicationTests

  .   ____          _            __ _ _
 /\\ / ___'_ __ _ _(_)_ __  __ _ \ \ \ \
( ( )\___ | '_ | '_| | '_ \/ _` | \ \ \ \
 \\/  ___)| |_)| | | | | || (_| |  ) ) ) )
  '  |____| .__|_| |_|_| |_\__, | / / / /
 =========|_|==============|___/=/_/_/_/

 :: Spring Boot ::                (v3.4.4)

2026-03-30T16:23:26.625+09:00  INFO 72928 --- [    Test worker] c.example.frere.FrereApplicationTests    : Starting FrereApplicationTests using Java 21.0.10 with PID 72928 (started by k2works in /Users/k2works/IdeaProjects/takt-worktrees/20260330T0243-wo-dekimashita-wo-shimasu-tasu/apps/webapp)
2026-03-30T16:23:26.631+09:00  INFO 72928 --- [    Test worker] c.example.frere.FrereApplicationTests    : No active profile set, falling back to 1 default profile: "default"
2026-03-30T16:23:28.293+09:00  INFO 72928 --- [    Test worker] o.s.b.a.w.s.WelcomePageHandlerMapping    : Adding welcome page template: index
2026-03-30T16:23:30.427+09:00  INFO 72928 --- [    Test worker] com.zaxxer.hikari.HikariDataSource       : HikariPool-1 - Starting...
2026-03-30T16:23:30.934+09:00  INFO 72928 --- [    Test worker] com.zaxxer.hikari.pool.HikariPool        : HikariPool-1 - Added connection conn0: url=jdbc:h2:mem:frere user=SA
2026-03-30T16:23:30.937+09:00  INFO 72928 --- [    Test worker] com.zaxxer.hikari.HikariDataSource       : HikariPool-1 - Start completed.
2026-03-30T16:23:31.030+09:00  INFO 72928 --- [    Test worker] org.flywaydb.core.FlywayExecutor         : Database: jdbc:h2:mem:frere (H2 2.3)
2026-03-30T16:23:31.039+09:00  WARN 72928 --- [    Test worker] o.f.c.internal.database.base.Database    : Flyway upgrade recommended: H2 2.3.232 is newer than this version of Flyway and support has not been tested. The latest supported version of H2 is 2.2.224.
2026-03-30T16:23:31.074+09:00  INFO 72928 --- [    Test worker] o.f.c.i.s.JdbcTableSchemaHistory         : Schema history table "PUBLIC"."flyway_schema_history" does not exist yet
2026-03-30T16:23:31.078+09:00  INFO 72928 --- [    Test worker] o.f.core.internal.command.DbValidate     : Successfully validated 1 migration (execution time 00:00.022s)
2026-03-30T16:23:31.089+09:00  INFO 72928 --- [    Test worker] o.f.c.i.s.JdbcTableSchemaHistory         : Creating Schema History table "PUBLIC"."flyway_schema_history" ...
2026-03-30T16:23:31.140+09:00  INFO 72928 --- [    Test worker] o.f.core.internal.command.DbMigrate      : Current version of schema "PUBLIC": << Empty Schema >>
2026-03-30T16:23:31.160+09:00  INFO 72928 --- [    Test worker] o.f.core.internal.command.DbMigrate      : Migrating schema "PUBLIC" to version "1 - create tables"
2026-03-30T16:23:31.222+09:00  INFO 72928 --- [    Test worker] o.f.core.internal.command.DbMigrate      : Successfully applied 1 migration to schema "PUBLIC", now at version v1 (execution time 00:00.045s)
2026-03-30T16:23:31.416+09:00  INFO 72928 --- [    Test worker] c.example.frere.FrereApplicationTests    : Started FrereApplicationTests in 5.44 seconds (process running for 7.629)
]]></system-out>
  <system-err><![CDATA[Mockito is currently self-attaching to enable the inline-mock-maker. This will no longer work in future releases of the JDK. Please add Mockito as an agent to your build what is described in Mockito's documentation: https://javadoc.io/doc/org.mockito/mockito-core/latest/org/mockito/Mockito.html#0.3
WARNING: A Java agent has been loaded dynamically (/Users/k2works/.gradle/caches/modules-2/files-2.1/net.bytebuddy/byte-buddy-agent/1.15.11/a38b16385e867f59a641330f0362ebe742788ed8/byte-buddy-agent-1.15.11.jar)
WARNING: If a serviceability tool is in use, please run with -XX:+EnableDynamicAgentLoading to hide this warning
WARNING: If a serviceability tool is not in use, please run with -Djdk.instrument.traceUsage for more information
WARNING: Dynamic loading of agents will be disallowed by default in a future release
]]></system-err>
</testsuite>
