<?xml version="1.0" encoding="UTF-8"?>
<testsuite name="com.example.frere.infrastructure.persistence.mybatis.ProductMapperTest" tests="7" skipped="0" failures="0" errors="0" timestamp="2026-03-30T07:23:35.297Z" hostname="k2worksnoMacBook-Pro.local" time="0.035">
  <properties/>
  <testcase name="insert_説明がnullの場合_登録できる()" classname="com.example.frere.infrastructure.persistence.mybatis.ProductMapperTest" time="0.004"/>
  <testcase name="findById_存在しないIDの場合_nullが返る()" classname="com.example.frere.infrastructure.persistence.mybatis.ProductMapperTest" time="0.003"/>
  <testcase name="insert_正常なデータの場合_登録できる()" classname="com.example.frere.infrastructure.persistence.mybatis.ProductMapperTest" time="0.004"/>
  <testcase name="update_既存データの場合_更新できる()" classname="com.example.frere.infrastructure.persistence.mybatis.ProductMapperTest" time="0.005"/>
  <testcase name="deleteById_既存データの場合_削除できる()" classname="com.example.frere.infrastructure.persistence.mybatis.ProductMapperTest" time="0.005"/>
  <testcase name="findAll_データが存在する場合_全件取得できる()" classname="com.example.frere.infrastructure.persistence.mybatis.ProductMapperTest" time="0.005"/>
  <testcase name="findById_存在するIDの場合_商品が取得できる()" classname="com.example.frere.infrastructure.persistence.mybatis.ProductMapperTest" time="0.004"/>
  <system-out><![CDATA[2026-03-30T16:23:35.285+09:00  INFO 72928 --- [    Test worker] t.c.s.AnnotationConfigContextLoaderUtils : Could not detect default configuration classes for test class [com.example.frere.infrastructure.persistence.mybatis.ProductMapperTest]: ProductMapperTest does not declare any static, non-private, non-final, nested classes annotated with @Configuration.
2026-03-30T16:23:35.292+09:00  INFO 72928 --- [    Test worker] .b.t.c.SpringBootTestContextBootstrapper : Found @SpringBootConfiguration com.example.frere.FrereApplication for test class com.example.frere.infrastructure.persistence.mybatis.ProductMapperTest
]]></system-out>
  <system-err><![CDATA[]]></system-err>
</testsuite>
