<?xml version="1.0" encoding="UTF-8"?>
<testsuite name="com.example.frere.config.ProfileConfigurationTest$DefaultProfile" tests="3" skipped="0" failures="0" errors="0" timestamp="2026-03-30T07:23:33.011Z" hostname="k2worksnoMacBook-Pro.local" time="0.017">
  <properties/>
  <testcase name="デフォルトプロファイルでH2のJDBC_URLが設定されている()" classname="com.example.frere.config.ProfileConfigurationTest$DefaultProfile" time="0.004"/>
  <testcase name="デフォルトプロファイルでH2ドライバが設定されている()" classname="com.example.frere.config.ProfileConfigurationTest$DefaultProfile" time="0.004"/>
  <testcase name="Flywayが有効になっている()" classname="com.example.frere.config.ProfileConfigurationTest$DefaultProfile" time="0.007"/>
  <system-out><![CDATA[2026-03-30T16:23:33.006+09:00  INFO 72928 --- [    Test worker] t.c.s.AnnotationConfigContextLoaderUtils : Could not detect default configuration classes for test class [com.example.frere.config.ProfileConfigurationTest$DefaultProfile]: DefaultProfile does not declare any static, non-private, non-final, nested classes annotated with @Configuration.
2026-03-30T16:23:33.007+09:00  INFO 72928 --- [    Test worker] .b.t.c.SpringBootTestContextBootstrapper : Found @SpringBootConfiguration com.example.frere.FrereApplication for test class com.example.frere.config.ProfileConfigurationTest$DefaultProfile
]]></system-out>
  <system-err><![CDATA[]]></system-err>
</testsuite>
